<dataValueSet xmlns="http://dhis2.org/schema/dxf/2.0" >
  <dataValue dataElement="cI3E5LgDZPs" period="2017Q1" orgUnit="oUdX2BkI0ur" categoryOptionCombo="Z6au9xR1fym"  attributeOptionCombo="sbOyCovT6P2" value="12"/>
  <dataValue dataElement="HClygqtgRlE" period="2016Oct" orgUnit="M1zETnXjMHr" categoryOptionCombo="vjUqq1nD06d" attributeOptionCombo="sbOyCovT6P2" value="14"/>
  <dataValue dataElement="cfmOmZEfkmj" period="2016Oct" orgUnit="VBPoy9EFe15" categoryOptionCombo="FXIAY2TcHsD" attributeOptionCombo="WQa4uNduUev" value="16"/>
  <dataValue dataElement="TK8BBwaega8" period="2016Oct" orgUnit="qrTKsIyJ3kU" categoryOptionCombo="MdmCNJP0m4l" attributeOptionCombo="WQa4uNduUev" value="18"/>
</dataValueSet>